  [1m[35m (1.7ms)[0m  [1m[34mSELECT sqlite_version(*)[0m
  [1m[35m (1.4ms)[0m  [1m[35mCREATE TABLE "schema_migrations" ("version" varchar NOT NULL PRIMARY KEY)[0m
  [1m[35m (0.8ms)[0m  [1m[35mCREATE TABLE "ar_internal_metadata" ("key" varchar NOT NULL PRIMARY KEY, "value" varchar, "created_at" datetime(6) NOT NULL, "updated_at" datetime(6) NOT NULL)[0m
  [1m[35m (0.1ms)[0m  [1m[34mSELECT "schema_migrations"."version" FROM "schema_migrations" ORDER BY "schema_migrations"."version" ASC[0m
Migrating to DeviseCreateUsers (20201013134833)
  [1m[35m (0.1ms)[0m  [1m[36mbegin transaction[0m
  [1m[35m (0.4ms)[0m  [1m[35mCREATE TABLE "users" ("id" integer PRIMARY KEY AUTOINCREMENT NOT NULL, "email" varchar DEFAULT '' NOT NULL, "encrypted_password" varchar DEFAULT '' NOT NULL, "reset_password_token" varchar, "reset_password_sent_at" datetime, "remember_created_at" datetime, "created_at" datetime(6) NOT NULL, "updated_at" datetime(6) NOT NULL)[0m
  [1m[35m (0.1ms)[0m  [1m[35mCREATE UNIQUE INDEX "index_users_on_email" ON "users" ("email")[0m
  [1m[35m (0.1ms)[0m  [1m[35mCREATE UNIQUE INDEX "index_users_on_reset_password_token" ON "users" ("reset_password_token")[0m
  [1m[36mprimary::SchemaMigration Create (0.1ms)[0m  [1m[32mINSERT INTO "schema_migrations" ("version") VALUES (?)[0m  [["version", "20201013134833"]]
  [1m[35m (1.2ms)[0m  [1m[36mcommit transaction[0m
  [1m[36mActiveRecord::InternalMetadata Load (0.1ms)[0m  [1m[34mSELECT "ar_internal_metadata".* FROM "ar_internal_metadata" WHERE "ar_internal_metadata"."key" = ? LIMIT ?[0m  [["key", "environment"], ["LIMIT", 1]]
  [1m[35m (0.0ms)[0m  [1m[36mbegin transaction[0m
  [1m[36mActiveRecord::InternalMetadata Create (0.3ms)[0m  [1m[32mINSERT INTO "ar_internal_metadata" ("key", "value", "created_at", "updated_at") VALUES (?, ?, ?, ?)[0m  [["key", "environment"], ["value", "development"], ["created_at", "2020-10-13 13:48:42.482847"], ["updated_at", "2020-10-13 13:48:42.482847"]]
  [1m[35m (1.6ms)[0m  [1m[36mcommit transaction[0m
  [1m[35m (0.1ms)[0m  [1m[34mSELECT sqlite_version(*)[0m
  [1m[35m (0.1ms)[0m  [1m[34mSELECT "schema_migrations"."version" FROM "schema_migrations" ORDER BY "schema_migrations"."version" ASC[0m
Started GET "/" for ::1 at 2020-10-13 09:50:43 -0400
  [1m[35m (0.6ms)[0m  [1m[34mSELECT sqlite_version(*)[0m
  [1m[35m (0.1ms)[0m  [1m[34mSELECT "schema_migrations"."version" FROM "schema_migrations" ORDER BY "schema_migrations"."version" ASC[0m
Processing by Rails::WelcomeController#index as HTML
  Rendering /Users/milliesenecal/.rbenv/versions/2.6.6/lib/ruby/gems/2.6.0/gems/railties-6.0.3.4/lib/rails/templates/rails/welcome/index.html.erb
  Rendered /Users/milliesenecal/.rbenv/versions/2.6.6/lib/ruby/gems/2.6.0/gems/railties-6.0.3.4/lib/rails/templates/rails/welcome/index.html.erb (Duration: 8.3ms | Allocations: 482)
Completed 200 OK in 25ms (Views: 17.1ms | ActiveRecord: 0.0ms | Allocations: 2858)


Started GET "/sign_in" for ::1 at 2020-10-13 09:51:10 -0400
  
ActionController::RoutingError (No route matches [GET] "/sign_in"):
  
actionpack (6.0.3.4) lib/action_dispatch/middleware/debug_exceptions.rb:36:in `call'
web-console (4.0.4) lib/web_console/middleware.rb:132:in `call_app'
web-console (4.0.4) lib/web_console/middleware.rb:28:in `block in call'
web-console (4.0.4) lib/web_console/middleware.rb:17:in `catch'
web-console (4.0.4) lib/web_console/middleware.rb:17:in `call'
actionpack (6.0.3.4) lib/action_dispatch/middleware/show_exceptions.rb:33:in `call'
railties (6.0.3.4) lib/rails/rack/logger.rb:37:in `call_app'
railties (6.0.3.4) lib/rails/rack/logger.rb:26:in `block in call'
activesupport (6.0.3.4) lib/active_support/tagged_logging.rb:80:in `block in tagged'
activesupport (6.0.3.4) lib/active_support/tagged_logging.rb:28:in `tagged'
activesupport (6.0.3.4) lib/active_support/tagged_logging.rb:80:in `tagged'
railties (6.0.3.4) lib/rails/rack/logger.rb:26:in `call'
sprockets-rails (3.2.2) lib/sprockets/rails/quiet_assets.rb:13:in `call'
actionpack (6.0.3.4) lib/action_dispatch/middleware/remote_ip.rb:81:in `call'
actionpack (6.0.3.4) lib/action_dispatch/middleware/request_id.rb:27:in `call'
rack (2.2.3) lib/rack/method_override.rb:24:in `call'
rack (2.2.3) lib/rack/runtime.rb:22:in `call'
activesupport (6.0.3.4) lib/active_support/cache/strategy/local_cache_middleware.rb:29:in `call'
actionpack (6.0.3.4) lib/action_dispatch/middleware/executor.rb:14:in `call'
actionpack (6.0.3.4) lib/action_dispatch/middleware/static.rb:126:in `call'
rack (2.2.3) lib/rack/sendfile.rb:110:in `call'
actionpack (6.0.3.4) lib/action_dispatch/middleware/host_authorization.rb:82:in `call'
webpacker (4.3.0) lib/webpacker/dev_server_proxy.rb:23:in `perform_request'
rack-proxy (0.6.5) lib/rack/proxy.rb:57:in `call'
railties (6.0.3.4) lib/rails/engine.rb:527:in `call'
puma (4.3.6) lib/puma/configuration.rb:228:in `call'
puma (4.3.6) lib/puma/server.rb:713:in `handle_request'
puma (4.3.6) lib/puma/server.rb:472:in `process_client'
puma (4.3.6) lib/puma/server.rb:328:in `block in run'
puma (4.3.6) lib/puma/thread_pool.rb:134:in `block in spawn_thread'
Started GET "/users/sign_in" for ::1 at 2020-10-13 09:51:15 -0400
Processing by Devise::SessionsController#new as HTML
  Rendering /Users/milliesenecal/.rbenv/versions/2.6.6/lib/ruby/gems/2.6.0/gems/devise-4.7.3/app/views/devise/sessions/new.html.erb within layouts/application
  Rendered /Users/milliesenecal/.rbenv/versions/2.6.6/lib/ruby/gems/2.6.0/gems/devise-4.7.3/app/views/devise/shared/_links.html.erb (Duration: 0.9ms | Allocations: 613)
  Rendered /Users/milliesenecal/.rbenv/versions/2.6.6/lib/ruby/gems/2.6.0/gems/devise-4.7.3/app/views/devise/sessions/new.html.erb within layouts/application (Duration: 22.6ms | Allocations: 8903)
[Webpacker] Compiling...
[Webpacker] Compiled all packs in /Users/milliesenecal/code/milliesncl/gazeteo/public/packs
[Webpacker] Hash: 15d1bb7b54cf6326b9ba
Version: webpack 4.44.2
Time: 1492ms
Built at: 10/13/2020 9:51:18 AM
                                     Asset       Size       Chunks                         Chunk Names
    js/application-9afcbb5693aa87623e69.js    124 KiB  application  [emitted] [immutable]  application
js/application-9afcbb5693aa87623e69.js.map    139 KiB  application  [emitted] [dev]        application
                             manifest.json  364 bytes               [emitted]              
Entrypoint application = js/application-9afcbb5693aa87623e69.js js/application-9afcbb5693aa87623e69.js.map
[./app/javascript/channels sync recursive _channel\.js$] ./app/javascript/channels sync _channel\.js$ 160 bytes {application} [built]
[./app/javascript/channels/index.js] 211 bytes {application} [built]
[./app/javascript/packs/application.js] 749 bytes {application} [built]
[./node_modules/webpack/buildin/module.js] (webpack)/buildin/module.js 552 bytes {application} [built]
    + 3 hidden modules

Completed 200 OK in 3088ms (Views: 3074.7ms | ActiveRecord: 0.5ms | Allocations: 31569)


  [1m[35m (0.3ms)[0m  [1m[34mSELECT sqlite_version(*)[0m
  [1m[35m (0.1ms)[0m  [1m[34mSELECT "schema_migrations"."version" FROM "schema_migrations" ORDER BY "schema_migrations"."version" ASC[0m
Migrating to AddFieldsToUsers (20201013135934)
  [1m[35m (0.1ms)[0m  [1m[36mbegin transaction[0m
  [1m[35m (0.5ms)[0m  [1m[35mALTER TABLE "users" ADD "first_name" varchar[0m
  [1m[35m (0.2ms)[0m  [1m[35mALTER TABLE "users" ADD "last_name" varchar[0m
  [1m[35m (0.2ms)[0m  [1m[35mALTER TABLE "users" ADD "birthday" date[0m
  [1m[36mprimary::SchemaMigration Create (0.1ms)[0m  [1m[32mINSERT INTO "schema_migrations" ("version") VALUES (?)[0m  [["version", "20201013135934"]]
  [1m[35m (0.9ms)[0m  [1m[36mcommit transaction[0m
  [1m[36mActiveRecord::InternalMetadata Load (0.1ms)[0m  [1m[34mSELECT "ar_internal_metadata".* FROM "ar_internal_metadata" WHERE "ar_internal_metadata"."key" = ? LIMIT ?[0m  [["key", "environment"], ["LIMIT", 1]]
  [1m[35m (0.0ms)[0m  [1m[34mSELECT sqlite_version(*)[0m
  [1m[35m (0.1ms)[0m  [1m[34mSELECT "schema_migrations"."version" FROM "schema_migrations" ORDER BY "schema_migrations"."version" ASC[0m
  [1m[35m (0.5ms)[0m  [1m[34mSELECT sqlite_version(*)[0m
  [1m[35m (0.1ms)[0m  [1m[34mSELECT "schema_migrations"."version" FROM "schema_migrations" ORDER BY "schema_migrations"."version" ASC[0m
Migrating to CreatePosts (20201013141740)
  [1m[35m (0.1ms)[0m  [1m[36mbegin transaction[0m
  [1m[35m (0.4ms)[0m  [1m[35mCREATE TABLE "posts" ("id" integer PRIMARY KEY AUTOINCREMENT NOT NULL, "description" varchar, "user_id" integer NOT NULL, "created_at" datetime(6) NOT NULL, "updated_at" datetime(6) NOT NULL, CONSTRAINT "fk_rails_5b5ddfd518"
FOREIGN KEY ("user_id")
  REFERENCES "users" ("id")
)[0m
  [1m[35m (0.1ms)[0m  [1m[35mCREATE  INDEX "index_posts_on_user_id" ON "posts" ("user_id")[0m
  [1m[36mprimary::SchemaMigration Create (0.1ms)[0m  [1m[32mINSERT INTO "schema_migrations" ("version") VALUES (?)[0m  [["version", "20201013141740"]]
  [1m[35m (1.2ms)[0m  [1m[36mcommit transaction[0m
  [1m[36mActiveRecord::InternalMetadata Load (0.1ms)[0m  [1m[34mSELECT "ar_internal_metadata".* FROM "ar_internal_metadata" WHERE "ar_internal_metadata"."key" = ? LIMIT ?[0m  [["key", "environment"], ["LIMIT", 1]]
  [1m[35m (0.0ms)[0m  [1m[34mSELECT sqlite_version(*)[0m
  [1m[35m (0.1ms)[0m  [1m[34mSELECT "schema_migrations"."version" FROM "schema_migrations" ORDER BY "schema_migrations"."version" ASC[0m
Started GET "/users/sign_in" for ::1 at 2020-10-13 10:35:52 -0400
  [1m[35m (0.1ms)[0m  [1m[34mSELECT sqlite_version(*)[0m
  [1m[35m (0.1ms)[0m  [1m[34mSELECT "schema_migrations"."version" FROM "schema_migrations" ORDER BY "schema_migrations"."version" ASC[0m
Processing by Devise::SessionsController#new as HTML
  Rendering /Users/milliesenecal/.rbenv/versions/2.6.6/lib/ruby/gems/2.6.0/gems/devise-4.7.3/app/views/devise/sessions/new.html.erb within layouts/application
  Rendered /Users/milliesenecal/.rbenv/versions/2.6.6/lib/ruby/gems/2.6.0/gems/devise-4.7.3/app/views/devise/shared/_links.html.erb (Duration: 0.2ms | Allocations: 147)
  Rendered /Users/milliesenecal/.rbenv/versions/2.6.6/lib/ruby/gems/2.6.0/gems/devise-4.7.3/app/views/devise/sessions/new.html.erb within layouts/application (Duration: 1.7ms | Allocations: 1138)
[Webpacker] Everything's up-to-date. Nothing to do
Completed 200 OK in 29ms (Views: 22.9ms | ActiveRecord: 0.0ms | Allocations: 17757)


Started GET "/posts" for ::1 at 2020-10-13 10:39:54 -0400
  [1m[35m (0.1ms)[0m  [1m[34mSELECT sqlite_version(*)[0m
  
AbstractController::ActionNotFound (The action 'index' could not be found for PostsController):
  
actionpack (6.0.3.4) lib/abstract_controller/base.rb:131:in `process'
actionview (6.0.3.4) lib/action_view/rendering.rb:39:in `process'
actionpack (6.0.3.4) lib/action_controller/metal.rb:190:in `dispatch'
actionpack (6.0.3.4) lib/action_controller/metal.rb:254:in `dispatch'
actionpack (6.0.3.4) lib/action_dispatch/routing/route_set.rb:50:in `dispatch'
actionpack (6.0.3.4) lib/action_dispatch/routing/route_set.rb:33:in `serve'
actionpack (6.0.3.4) lib/action_dispatch/journey/router.rb:49:in `block in serve'
actionpack (6.0.3.4) lib/action_dispatch/journey/router.rb:32:in `each'
actionpack (6.0.3.4) lib/action_dispatch/journey/router.rb:32:in `serve'
actionpack (6.0.3.4) lib/action_dispatch/routing/route_set.rb:834:in `call'
warden (1.2.9) lib/warden/manager.rb:36:in `block in call'
warden (1.2.9) lib/warden/manager.rb:34:in `catch'
warden (1.2.9) lib/warden/manager.rb:34:in `call'
rack (2.2.3) lib/rack/tempfile_reaper.rb:15:in `call'
rack (2.2.3) lib/rack/etag.rb:27:in `call'
rack (2.2.3) lib/rack/conditional_get.rb:27:in `call'
rack (2.2.3) lib/rack/head.rb:12:in `call'
actionpack (6.0.3.4) lib/action_dispatch/http/content_security_policy.rb:18:in `call'
rack (2.2.3) lib/rack/session/abstract/id.rb:266:in `context'
rack (2.2.3) lib/rack/session/abstract/id.rb:260:in `call'
actionpack (6.0.3.4) lib/action_dispatch/middleware/cookies.rb:648:in `call'
activerecord (6.0.3.4) lib/active_record/migration.rb:567:in `call'
actionpack (6.0.3.4) lib/action_dispatch/middleware/callbacks.rb:27:in `block in call'
activesupport (6.0.3.4) lib/active_support/callbacks.rb:101:in `run_callbacks'
actionpack (6.0.3.4) lib/action_dispatch/middleware/callbacks.rb:26:in `call'
actionpack (6.0.3.4) lib/action_dispatch/middleware/executor.rb:14:in `call'
actionpack (6.0.3.4) lib/action_dispatch/middleware/actionable_exceptions.rb:18:in `call'
actionpack (6.0.3.4) lib/action_dispatch/middleware/debug_exceptions.rb:32:in `call'
web-console (4.0.4) lib/web_console/middleware.rb:132:in `call_app'
web-console (4.0.4) lib/web_console/middleware.rb:28:in `block in call'
web-console (4.0.4) lib/web_console/middleware.rb:17:in `catch'
web-console (4.0.4) lib/web_console/middleware.rb:17:in `call'
actionpack (6.0.3.4) lib/action_dispatch/middleware/show_exceptions.rb:33:in `call'
railties (6.0.3.4) lib/rails/rack/logger.rb:37:in `call_app'
railties (6.0.3.4) lib/rails/rack/logger.rb:26:in `block in call'
activesupport (6.0.3.4) lib/active_support/tagged_logging.rb:80:in `block in tagged'
activesupport (6.0.3.4) lib/active_support/tagged_logging.rb:28:in `tagged'
activesupport (6.0.3.4) lib/active_support/tagged_logging.rb:80:in `tagged'
railties (6.0.3.4) lib/rails/rack/logger.rb:26:in `call'
sprockets-rails (3.2.2) lib/sprockets/rails/quiet_assets.rb:13:in `call'
actionpack (6.0.3.4) lib/action_dispatch/middleware/remote_ip.rb:81:in `call'
actionpack (6.0.3.4) lib/action_dispatch/middleware/request_id.rb:27:in `call'
rack (2.2.3) lib/rack/method_override.rb:24:in `call'
rack (2.2.3) lib/rack/runtime.rb:22:in `call'
activesupport (6.0.3.4) lib/active_support/cache/strategy/local_cache_middleware.rb:29:in `call'
actionpack (6.0.3.4) lib/action_dispatch/middleware/executor.rb:14:in `call'
actionpack (6.0.3.4) lib/action_dispatch/middleware/static.rb:126:in `call'
rack (2.2.3) lib/rack/sendfile.rb:110:in `call'
actionpack (6.0.3.4) lib/action_dispatch/middleware/host_authorization.rb:82:in `call'
webpacker (4.3.0) lib/webpacker/dev_server_proxy.rb:23:in `perform_request'
rack-proxy (0.6.5) lib/rack/proxy.rb:57:in `call'
railties (6.0.3.4) lib/rails/engine.rb:527:in `call'
puma (4.3.6) lib/puma/configuration.rb:228:in `call'
puma (4.3.6) lib/puma/server.rb:713:in `handle_request'
puma (4.3.6) lib/puma/server.rb:472:in `process_client'
puma (4.3.6) lib/puma/server.rb:328:in `block in run'
puma (4.3.6) lib/puma/thread_pool.rb:134:in `block in spawn_thread'
Started GET "/posts" for ::1 at 2020-10-13 10:40:32 -0400
  [1m[35m (0.1ms)[0m  [1m[34mSELECT sqlite_version(*)[0m
Processing by PostsController#index as HTML
Completed 401 Unauthorized in 1ms (ActiveRecord: 0.0ms | Allocations: 1068)


Started GET "/users/sign_in" for ::1 at 2020-10-13 10:40:32 -0400
Processing by Devise::SessionsController#new as HTML
  Rendering /Users/milliesenecal/.rbenv/versions/2.6.6/lib/ruby/gems/2.6.0/gems/devise-4.7.3/app/views/devise/sessions/new.html.erb within layouts/application
  Rendered /Users/milliesenecal/.rbenv/versions/2.6.6/lib/ruby/gems/2.6.0/gems/devise-4.7.3/app/views/devise/shared/_links.html.erb (Duration: 1.0ms | Allocations: 534)
  Rendered /Users/milliesenecal/.rbenv/versions/2.6.6/lib/ruby/gems/2.6.0/gems/devise-4.7.3/app/views/devise/sessions/new.html.erb within layouts/application (Duration: 3.3ms | Allocations: 2004)
[Webpacker] Everything's up-to-date. Nothing to do
Completed 200 OK in 29ms (Views: 10.7ms | ActiveRecord: 0.5ms | Allocations: 15309)


Started GET "/posts" for ::1 at 2020-10-13 10:40:39 -0400
Processing by PostsController#index as HTML
Completed 401 Unauthorized in 1ms (ActiveRecord: 0.0ms | Allocations: 358)


Started GET "/users/sign_in" for ::1 at 2020-10-13 10:40:39 -0400
Processing by Devise::SessionsController#new as HTML
  Rendering /Users/milliesenecal/.rbenv/versions/2.6.6/lib/ruby/gems/2.6.0/gems/devise-4.7.3/app/views/devise/sessions/new.html.erb within layouts/application
  Rendered /Users/milliesenecal/.rbenv/versions/2.6.6/lib/ruby/gems/2.6.0/gems/devise-4.7.3/app/views/devise/shared/_links.html.erb (Duration: 0.2ms | Allocations: 134)
  Rendered /Users/milliesenecal/.rbenv/versions/2.6.6/lib/ruby/gems/2.6.0/gems/devise-4.7.3/app/views/devise/sessions/new.html.erb within layouts/application (Duration: 2.0ms | Allocations: 1070)
[Webpacker] Everything's up-to-date. Nothing to do
Completed 200 OK in 10ms (Views: 8.7ms | ActiveRecord: 0.0ms | Allocations: 5319)


Started GET "/users/sign_up" for ::1 at 2020-10-13 10:40:41 -0400
Processing by Devise::RegistrationsController#new as HTML
  Rendering /Users/milliesenecal/.rbenv/versions/2.6.6/lib/ruby/gems/2.6.0/gems/devise-4.7.3/app/views/devise/registrations/new.html.erb within layouts/application
  Rendered /Users/milliesenecal/.rbenv/versions/2.6.6/lib/ruby/gems/2.6.0/gems/devise-4.7.3/app/views/devise/shared/_error_messages.html.erb (Duration: 1.7ms | Allocations: 203)
  Rendered /Users/milliesenecal/.rbenv/versions/2.6.6/lib/ruby/gems/2.6.0/gems/devise-4.7.3/app/views/devise/shared/_links.html.erb (Duration: 0.3ms | Allocations: 124)
  Rendered /Users/milliesenecal/.rbenv/versions/2.6.6/lib/ruby/gems/2.6.0/gems/devise-4.7.3/app/views/devise/registrations/new.html.erb within layouts/application (Duration: 6.6ms | Allocations: 1945)
[Webpacker] Everything's up-to-date. Nothing to do
Completed 200 OK in 20ms (Views: 18.5ms | ActiveRecord: 0.0ms | Allocations: 6829)


Started POST "/users" for ::1 at 2020-10-13 10:40:53 -0400
Processing by Devise::RegistrationsController#create as HTML
  Parameters: {"authenticity_token"=>"ejGPt296kbhZu37li4xMwi7TofONL+S/R7bw5cSeZsasJCMXm5Bvmb6ptUu91UUtNnReGXOJBocfDOwipUz4Uw==", "user"=>{"email"=>"millie.senecal@gmail.com", "password"=>"[FILTERED]", "password_confirmation"=>"[FILTERED]"}, "commit"=>"Sign up"}
  [1m[35m (0.1ms)[0m  [1m[36mbegin transaction[0m
  [1m[36mUser Exists? (0.1ms)[0m  [1m[34mSELECT 1 AS one FROM "users" WHERE "users"."email" = ? LIMIT ?[0m  [["email", "millie.senecal@gmail.com"], ["LIMIT", 1]]
  [1m[36mUser Create (0.4ms)[0m  [1m[32mINSERT INTO "users" ("email", "encrypted_password", "created_at", "updated_at") VALUES (?, ?, ?, ?)[0m  [["email", "millie.senecal@gmail.com"], ["encrypted_password", "$2a$12$ETGdJcTPKRJSkubWXi0qge/m4qdkZ4spCwXSnyCffNMiAlrEC3vbq"], ["created_at", "2020-10-13 14:40:54.028563"], ["updated_at", "2020-10-13 14:40:54.028563"]]
  [1m[35m (0.7ms)[0m  [1m[36mcommit transaction[0m
Redirected to http://localhost:3000/posts
Completed 302 Found in 268ms (ActiveRecord: 1.2ms | Allocations: 10196)


Started GET "/posts" for ::1 at 2020-10-13 10:40:54 -0400
Processing by PostsController#index as HTML
  [1m[36mUser Load (0.3ms)[0m  [1m[34mSELECT "users".* FROM "users" WHERE "users"."id" = ? ORDER BY "users"."id" ASC LIMIT ?[0m  [["id", 1], ["LIMIT", 1]]
Completed 406 Not Acceptable in 12ms (ActiveRecord: 0.3ms | Allocations: 5193)


  
ActionController::MissingExactTemplate (PostsController#index is missing a template for request formats: text/html):
  
actionpack (6.0.3.4) lib/action_controller/metal/implicit_render.rb:45:in `default_render'
actionpack (6.0.3.4) lib/action_controller/metal/basic_implicit_render.rb:6:in `block in send_action'
actionpack (6.0.3.4) lib/action_controller/metal/basic_implicit_render.rb:6:in `tap'
actionpack (6.0.3.4) lib/action_controller/metal/basic_implicit_render.rb:6:in `send_action'
actionpack (6.0.3.4) lib/abstract_controller/base.rb:195:in `process_action'
actionpack (6.0.3.4) lib/action_controller/metal/rendering.rb:30:in `process_action'
actionpack (6.0.3.4) lib/abstract_controller/callbacks.rb:42:in `block in process_action'
activesupport (6.0.3.4) lib/active_support/callbacks.rb:135:in `run_callbacks'
actionpack (6.0.3.4) lib/abstract_controller/callbacks.rb:41:in `process_action'
actionpack (6.0.3.4) lib/action_controller/metal/rescue.rb:22:in `process_action'
actionpack (6.0.3.4) lib/action_controller/metal/instrumentation.rb:33:in `block in process_action'
activesupport (6.0.3.4) lib/active_support/notifications.rb:180:in `block in instrument'
activesupport (6.0.3.4) lib/active_support/notifications/instrumenter.rb:24:in `instrument'
activesupport (6.0.3.4) lib/active_support/notifications.rb:180:in `instrument'
actionpack (6.0.3.4) lib/action_controller/metal/instrumentation.rb:32:in `process_action'
actionpack (6.0.3.4) lib/action_controller/metal/params_wrapper.rb:245:in `process_action'
activerecord (6.0.3.4) lib/active_record/railties/controller_runtime.rb:27:in `process_action'
actionpack (6.0.3.4) lib/abstract_controller/base.rb:136:in `process'
actionview (6.0.3.4) lib/action_view/rendering.rb:39:in `process'
actionpack (6.0.3.4) lib/action_controller/metal.rb:190:in `dispatch'
actionpack (6.0.3.4) lib/action_controller/metal.rb:254:in `dispatch'
actionpack (6.0.3.4) lib/action_dispatch/routing/route_set.rb:50:in `dispatch'
actionpack (6.0.3.4) lib/action_dispatch/routing/route_set.rb:33:in `serve'
actionpack (6.0.3.4) lib/action_dispatch/journey/router.rb:49:in `block in serve'
actionpack (6.0.3.4) lib/action_dispatch/journey/router.rb:32:in `each'
actionpack (6.0.3.4) lib/action_dispatch/journey/router.rb:32:in `serve'
actionpack (6.0.3.4) lib/action_dispatch/routing/route_set.rb:834:in `call'
warden (1.2.9) lib/warden/manager.rb:36:in `block in call'
warden (1.2.9) lib/warden/manager.rb:34:in `catch'
warden (1.2.9) lib/warden/manager.rb:34:in `call'
rack (2.2.3) lib/rack/tempfile_reaper.rb:15:in `call'
rack (2.2.3) lib/rack/etag.rb:27:in `call'
rack (2.2.3) lib/rack/conditional_get.rb:27:in `call'
rack (2.2.3) lib/rack/head.rb:12:in `call'
actionpack (6.0.3.4) lib/action_dispatch/http/content_security_policy.rb:18:in `call'
rack (2.2.3) lib/rack/session/abstract/id.rb:266:in `context'
rack (2.2.3) lib/rack/session/abstract/id.rb:260:in `call'
actionpack (6.0.3.4) lib/action_dispatch/middleware/cookies.rb:648:in `call'
activerecord (6.0.3.4) lib/active_record/migration.rb:567:in `call'
actionpack (6.0.3.4) lib/action_dispatch/middleware/callbacks.rb:27:in `block in call'
activesupport (6.0.3.4) lib/active_support/callbacks.rb:101:in `run_callbacks'
actionpack (6.0.3.4) lib/action_dispatch/middleware/callbacks.rb:26:in `call'
actionpack (6.0.3.4) lib/action_dispatch/middleware/executor.rb:14:in `call'
actionpack (6.0.3.4) lib/action_dispatch/middleware/actionable_exceptions.rb:18:in `call'
actionpack (6.0.3.4) lib/action_dispatch/middleware/debug_exceptions.rb:32:in `call'
web-console (4.0.4) lib/web_console/middleware.rb:132:in `call_app'
web-console (4.0.4) lib/web_console/middleware.rb:28:in `block in call'
web-console (4.0.4) lib/web_console/middleware.rb:17:in `catch'
web-console (4.0.4) lib/web_console/middleware.rb:17:in `call'
actionpack (6.0.3.4) lib/action_dispatch/middleware/show_exceptions.rb:33:in `call'
railties (6.0.3.4) lib/rails/rack/logger.rb:37:in `call_app'
railties (6.0.3.4) lib/rails/rack/logger.rb:26:in `block in call'
activesupport (6.0.3.4) lib/active_support/tagged_logging.rb:80:in `block in tagged'
activesupport (6.0.3.4) lib/active_support/tagged_logging.rb:28:in `tagged'
activesupport (6.0.3.4) lib/active_support/tagged_logging.rb:80:in `tagged'
railties (6.0.3.4) lib/rails/rack/logger.rb:26:in `call'
sprockets-rails (3.2.2) lib/sprockets/rails/quiet_assets.rb:13:in `call'
actionpack (6.0.3.4) lib/action_dispatch/middleware/remote_ip.rb:81:in `call'
actionpack (6.0.3.4) lib/action_dispatch/middleware/request_id.rb:27:in `call'
rack (2.2.3) lib/rack/method_override.rb:24:in `call'
rack (2.2.3) lib/rack/runtime.rb:22:in `call'
activesupport (6.0.3.4) lib/active_support/cache/strategy/local_cache_middleware.rb:29:in `call'
actionpack (6.0.3.4) lib/action_dispatch/middleware/executor.rb:14:in `call'
actionpack (6.0.3.4) lib/action_dispatch/middleware/static.rb:126:in `call'
rack (2.2.3) lib/rack/sendfile.rb:110:in `call'
actionpack (6.0.3.4) lib/action_dispatch/middleware/host_authorization.rb:82:in `call'
webpacker (4.3.0) lib/webpacker/dev_server_proxy.rb:23:in `perform_request'
rack-proxy (0.6.5) lib/rack/proxy.rb:57:in `call'
railties (6.0.3.4) lib/rails/engine.rb:527:in `call'
puma (4.3.6) lib/puma/configuration.rb:228:in `call'
puma (4.3.6) lib/puma/server.rb:713:in `handle_request'
puma (4.3.6) lib/puma/server.rb:472:in `process_client'
puma (4.3.6) lib/puma/server.rb:328:in `block in run'
puma (4.3.6) lib/puma/thread_pool.rb:134:in `block in spawn_thread'
Started GET "/posts" for ::1 at 2020-10-13 10:43:20 -0400
Processing by PostsController#index as HTML
  [1m[36mUser Load (0.4ms)[0m  [1m[34mSELECT "users".* FROM "users" WHERE "users"."id" = ? ORDER BY "users"."id" ASC LIMIT ?[0m  [["id", 1], ["LIMIT", 1]]
  Rendering posts/index.html.erb within layouts/application
  Rendered posts/index.html.erb within layouts/application (Duration: 1.0ms | Allocations: 75)
[Webpacker] Everything's up-to-date. Nothing to do
Completed 200 OK in 27ms (Views: 19.4ms | ActiveRecord: 0.4ms | Allocations: 6421)


Started GET "/posts" for ::1 at 2020-10-13 18:30:10 -0400
  [1m[35m (0.1ms)[0m  [1m[34mSELECT sqlite_version(*)[0m
Processing by PostsController#index as HTML
  [1m[36mUser Load (0.2ms)[0m  [1m[34mSELECT "users".* FROM "users" WHERE "users"."id" = ? ORDER BY "users"."id" ASC LIMIT ?[0m  [["id", 1], ["LIMIT", 1]]
  Rendering posts/index.html.erb within layouts/application
  Rendered posts/index.html.erb within layouts/application (Duration: 0.0ms | Allocations: 4)
[Webpacker] Everything's up-to-date. Nothing to do
Completed 200 OK in 8ms (Views: 5.6ms | ActiveRecord: 0.2ms | Allocations: 5459)


Started GET "/posts" for ::1 at 2020-10-14 09:00:52 -0400
  [1m[35m (0.1ms)[0m  [1m[34mSELECT sqlite_version(*)[0m
Processing by PostsController#index as HTML
  [1m[36mUser Load (0.2ms)[0m  [1m[34mSELECT "users".* FROM "users" WHERE "users"."id" = ? ORDER BY "users"."id" ASC LIMIT ?[0m  [["id", 1], ["LIMIT", 1]]
  Rendering posts/index.html.erb within layouts/application
  Rendered posts/index.html.erb within layouts/application (Duration: 1.0ms | Allocations: 607)
[Webpacker] Everything's up-to-date. Nothing to do
Completed 200 OK in 12ms (Views: 8.3ms | ActiveRecord: 0.2ms | Allocations: 6972)


Started GET "/posts" for ::1 at 2020-10-14 09:02:30 -0400
Processing by PostsController#index as HTML
  [1m[36mUser Load (0.1ms)[0m  [1m[34mSELECT "users".* FROM "users" WHERE "users"."id" = ? ORDER BY "users"."id" ASC LIMIT ?[0m  [["id", 1], ["LIMIT", 1]]
  Rendering posts/index.html.erb within layouts/application
  Rendered posts/index.html.erb within layouts/application (Duration: 0.6ms | Allocations: 163)
[Webpacker] Everything's up-to-date. Nothing to do
Completed 200 OK in 11ms (Views: 7.9ms | ActiveRecord: 0.1ms | Allocations: 6520)


Started GET "/posts" for ::1 at 2020-10-14 09:02:39 -0400
Processing by PostsController#index as HTML
  [1m[36mUser Load (0.1ms)[0m  [1m[34mSELECT "users".* FROM "users" WHERE "users"."id" = ? ORDER BY "users"."id" ASC LIMIT ?[0m  [["id", 1], ["LIMIT", 1]]
  Rendering posts/index.html.erb within layouts/application
  Rendered posts/index.html.erb within layouts/application (Duration: 0.4ms | Allocations: 159)
[Webpacker] Everything's up-to-date. Nothing to do
Completed 200 OK in 14ms (Views: 11.5ms | ActiveRecord: 0.1ms | Allocations: 6495)


Started GET "/posts" for ::1 at 2020-10-14 09:02:48 -0400
Processing by PostsController#index as HTML
  [1m[36mUser Load (0.1ms)[0m  [1m[34mSELECT "users".* FROM "users" WHERE "users"."id" = ? ORDER BY "users"."id" ASC LIMIT ?[0m  [["id", 1], ["LIMIT", 1]]
  Rendering posts/index.html.erb within layouts/application
  Rendered posts/index.html.erb within layouts/application (Duration: 0.7ms | Allocations: 157)
[Webpacker] Everything's up-to-date. Nothing to do
Completed 200 OK in 13ms (Views: 9.1ms | ActiveRecord: 0.1ms | Allocations: 6490)


Started GET "/posts/new" for ::1 at 2020-10-14 09:02:49 -0400
Processing by PostsController#new as HTML
  [1m[36mUser Load (0.2ms)[0m  [1m[34mSELECT "users".* FROM "users" WHERE "users"."id" = ? ORDER BY "users"."id" ASC LIMIT ?[0m  [["id", 1], ["LIMIT", 1]]
  Rendering posts/new.html.erb within layouts/application
  Rendered posts/new.html.erb within layouts/application (Duration: 0.3ms | Allocations: 73)
[Webpacker] Everything's up-to-date. Nothing to do
Completed 200 OK in 24ms (Views: 9.7ms | ActiveRecord: 1.1ms | Allocations: 9218)


Started GET "/posts/new" for ::1 at 2020-10-14 09:09:14 -0400
  [1m[35m (0.1ms)[0m  [1m[34mSELECT sqlite_version(*)[0m
Processing by PostsController#new as HTML
  [1m[36mUser Load (0.8ms)[0m  [1m[34mSELECT "users".* FROM "users" WHERE "users"."id" = ? ORDER BY "users"."id" ASC LIMIT ?[0m  [["id", 1], ["LIMIT", 1]]
  Rendering posts/new.html.erb within layouts/application
  Rendered posts/new.html.erb within layouts/application (Duration: 1.6ms | Allocations: 479)
[Webpacker] Everything's up-to-date. Nothing to do
Completed 200 OK in 14ms (Views: 8.5ms | ActiveRecord: 0.8ms | Allocations: 6839)


Started GET "/posts/new" for ::1 at 2020-10-14 09:16:52 -0400
  [1m[35m (0.1ms)[0m  [1m[34mSELECT sqlite_version(*)[0m
Processing by PostsController#new as HTML
  [1m[36mUser Load (0.2ms)[0m  [1m[34mSELECT "users".* FROM "users" WHERE "users"."id" = ? ORDER BY "users"."id" ASC LIMIT ?[0m  [["id", 1], ["LIMIT", 1]]
  Rendering posts/new.html.erb within layouts/application
  Rendered posts/new.html.erb within layouts/application (Duration: 378.4ms | Allocations: 149845)
Completed 500 Internal Server Error in 396ms (ActiveRecord: 0.2ms | Allocations: 164511)


  
ActionView::Template::Error (undefined local variable or method `f' for #<#<Class:0x00007fcf201ffd78>:0x00007fcf201fd870>):
    1:   <%= form_with model: @post do |form| %>
    2:     <%= form.text_field :description %>
    3: 
    4:     <%= f.label :Upload_Image %><br />
    5:     <%= f.file_field :orgimg, :class => 'fileupload' %>
    6:     <%= form.submit "Ajouter" %>
    7:   <% end %>
  
app/views/posts/new.html.erb:4
app/views/posts/new.html.erb:1
Started GET "/posts/new" for ::1 at 2020-10-14 09:17:13 -0400
Processing by PostsController#new as HTML
  [1m[36mUser Load (0.1ms)[0m  [1m[34mSELECT "users".* FROM "users" WHERE "users"."id" = ? ORDER BY "users"."id" ASC LIMIT ?[0m  [["id", 1], ["LIMIT", 1]]
  Rendering posts/new.html.erb within layouts/application
  Rendered posts/new.html.erb within layouts/application (Duration: 4.1ms | Allocations: 834)
[Webpacker] Everything's up-to-date. Nothing to do
Completed 200 OK in 18ms (Views: 13.6ms | ActiveRecord: 0.1ms | Allocations: 7178)


Started GET "/posts/new" for ::1 at 2020-10-14 09:17:49 -0400
Processing by PostsController#new as HTML
  [1m[36mUser Load (0.4ms)[0m  [1m[34mSELECT "users".* FROM "users" WHERE "users"."id" = ? ORDER BY "users"."id" ASC LIMIT ?[0m  [["id", 1], ["LIMIT", 1]]
  Rendering posts/new.html.erb within layouts/application
  Rendered posts/new.html.erb within layouts/application (Duration: 1.9ms | Allocations: 845)
[Webpacker] Everything's up-to-date. Nothing to do
Completed 200 OK in 18ms (Views: 11.9ms | ActiveRecord: 0.4ms | Allocations: 7188)


Started GET "/posts/new" for ::1 at 2020-10-14 09:21:24 -0400
Processing by PostsController#new as HTML
  [1m[36mUser Load (0.4ms)[0m  [1m[34mSELECT "users".* FROM "users" WHERE "users"."id" = ? ORDER BY "users"."id" ASC LIMIT ?[0m  [["id", 1], ["LIMIT", 1]]
  Rendering posts/new.html.erb within layouts/application
  Rendered posts/new.html.erb within layouts/application (Duration: 2.1ms | Allocations: 825)
[Webpacker] Everything's up-to-date. Nothing to do
Completed 200 OK in 17ms (Views: 12.9ms | ActiveRecord: 0.4ms | Allocations: 7168)


Started POST "/posts" for ::1 at 2020-10-14 09:21:36 -0400
Processing by PostsController#create as JS
  Parameters: {"authenticity_token"=>"2kLKQQkBIdo4xdkQA9ULv+yUk1WpOSRz5IVmHnZAKioQJ/JNFtD9SxTHyVqCazomOoG8019258Ipofe/NB5UaQ==", "post"=>{"description"=>"descrption de l'image", "photo"=>#<ActionDispatch::Http::UploadedFile:0x00007fcf21958588 @tempfile=#<Tempfile:/var/folders/zv/4sp7fj255sl0j7yn0hrvp_w80000gn/T/RackMultipart20201014-30835-1g2bmga.png>, @original_filename="2020-02-06 FY21 Kickoff - Google Slides 2020-02-06 17-52-31.png", @content_type="image/png", @headers="Content-Disposition: form-data; name=\"post[photo]\"; filename=\"2020-02-06 FY21 Kickoff - Google Slides 2020-02-06 17-52-31.png\"\r\nContent-Type: image/png\r\n">}, "commit"=>"Ajouter"}
  [1m[36mUser Load (0.1ms)[0m  [1m[34mSELECT "users".* FROM "users" WHERE "users"."id" = ? ORDER BY "users"."id" ASC LIMIT ?[0m  [["id", 1], ["LIMIT", 1]]
  [1m[35m (0.1ms)[0m  [1m[36mbegin transaction[0m
  ↳ app/controllers/posts_controller.rb:12:in `create'
  [1m[35m (0.1ms)[0m  [1m[31mrollback transaction[0m
  ↳ app/controllers/posts_controller.rb:12:in `create'
Completed 500 Internal Server Error in 34ms (ActiveRecord: 0.4ms | Allocations: 16848)


  
ActiveRecord::StatementInvalid (Could not find table 'active_storage_blobs'):
  
app/controllers/posts_controller.rb:12:in `create'
Started POST "/posts" for ::1 at 2020-10-14 09:21:39 -0400
Processing by PostsController#create as JS
  Parameters: {"authenticity_token"=>"2kLKQQkBIdo4xdkQA9ULv+yUk1WpOSRz5IVmHnZAKioQJ/JNFtD9SxTHyVqCazomOoG8019258Ipofe/NB5UaQ==", "post"=>{"description"=>"descrption de l'image", "photo"=>#<ActionDispatch::Http::UploadedFile:0x00007fcf218c2538 @tempfile=#<Tempfile:/var/folders/zv/4sp7fj255sl0j7yn0hrvp_w80000gn/T/RackMultipart20201014-30835-w6karj.png>, @original_filename="2020-02-06 FY21 Kickoff - Google Slides 2020-02-06 17-52-31.png", @content_type="image/png", @headers="Content-Disposition: form-data; name=\"post[photo]\"; filename=\"2020-02-06 FY21 Kickoff - Google Slides 2020-02-06 17-52-31.png\"\r\nContent-Type: image/png\r\n">}, "commit"=>"Ajouter"}
  [1m[36mUser Load (0.1ms)[0m  [1m[34mSELECT "users".* FROM "users" WHERE "users"."id" = ? ORDER BY "users"."id" ASC LIMIT ?[0m  [["id", 1], ["LIMIT", 1]]
  [1m[35m (0.1ms)[0m  [1m[36mbegin transaction[0m
  ↳ app/controllers/posts_controller.rb:12:in `create'
  [1m[35m (0.0ms)[0m  [1m[31mrollback transaction[0m
  ↳ app/controllers/posts_controller.rb:12:in `create'
Completed 500 Internal Server Error in 5ms (ActiveRecord: 0.3ms | Allocations: 4518)


  
ActiveRecord::StatementInvalid (Could not find table 'active_storage_blobs'):
  
app/controllers/posts_controller.rb:12:in `create'
Started GET "/posts/new" for ::1 at 2020-10-14 09:21:55 -0400
  [1m[35m (0.0ms)[0m  [1m[34mSELECT sqlite_version(*)[0m
Processing by PostsController#new as HTML
  [1m[36mUser Load (0.1ms)[0m  [1m[34mSELECT "users".* FROM "users" WHERE "users"."id" = ? ORDER BY "users"."id" ASC LIMIT ?[0m  [["id", 1], ["LIMIT", 1]]
  Rendering posts/new.html.erb within layouts/application
  Rendered posts/new.html.erb within layouts/application (Duration: 1.5ms | Allocations: 678)
[Webpacker] Everything's up-to-date. Nothing to do
Completed 200 OK in 36ms (Views: 9.5ms | ActiveRecord: 1.3ms | Allocations: 18992)


Started POST "/posts" for ::1 at 2020-10-14 09:22:00 -0400
Processing by PostsController#create as JS
  Parameters: {"authenticity_token"=>"QLjYAXC2BKKBxU1Md6LIgyRaykBZD6bGGCbPuj2jGb2K3eANb2fYM63HXQb2HPka8k/lxq9AZXfVAl4bf/1n/g==", "post"=>{"description"=>"descrption de l'image", "photo"=>#<ActionDispatch::Http::UploadedFile:0x00007fcf1fee2fa0 @tempfile=#<Tempfile:/var/folders/zv/4sp7fj255sl0j7yn0hrvp_w80000gn/T/RackMultipart20201014-30835-1ylk5rv.png>, @original_filename="2020-02-06 FY21 Kickoff - Google Slides 2020-02-06 17-52-31.png", @content_type="image/png", @headers="Content-Disposition: form-data; name=\"post[photo]\"; filename=\"2020-02-06 FY21 Kickoff - Google Slides 2020-02-06 17-52-31.png\"\r\nContent-Type: image/png\r\n">}, "commit"=>"Ajouter"}
  [1m[36mUser Load (0.1ms)[0m  [1m[34mSELECT "users".* FROM "users" WHERE "users"."id" = ? ORDER BY "users"."id" ASC LIMIT ?[0m  [["id", 1], ["LIMIT", 1]]
  [1m[35m (0.1ms)[0m  [1m[36mbegin transaction[0m
  ↳ app/controllers/posts_controller.rb:12:in `create'
  [1m[35m (0.0ms)[0m  [1m[31mrollback transaction[0m
  ↳ app/controllers/posts_controller.rb:12:in `create'
Completed 500 Internal Server Error in 12ms (ActiveRecord: 0.3ms | Allocations: 8535)


  
ActiveRecord::StatementInvalid (Could not find table 'active_storage_blobs'):
  
app/controllers/posts_controller.rb:12:in `create'
Started POST "/posts" for ::1 at 2020-10-14 09:23:00 -0400
  [1m[35m (0.1ms)[0m  [1m[34mSELECT sqlite_version(*)[0m
Processing by PostsController#create as JS
  Parameters: {"authenticity_token"=>"QLjYAXC2BKKBxU1Md6LIgyRaykBZD6bGGCbPuj2jGb2K3eANb2fYM63HXQb2HPka8k/lxq9AZXfVAl4bf/1n/g==", "post"=>{"description"=>"descrption de l'image", "photo"=>#<ActionDispatch::Http::UploadedFile:0x00007fcf1e68d298 @tempfile=#<Tempfile:/var/folders/zv/4sp7fj255sl0j7yn0hrvp_w80000gn/T/RackMultipart20201014-30835-u2v4vc.png>, @original_filename="2020-02-06 FY21 Kickoff - Google Slides 2020-02-06 17-52-31.png", @content_type="image/png", @headers="Content-Disposition: form-data; name=\"post[photo]\"; filename=\"2020-02-06 FY21 Kickoff - Google Slides 2020-02-06 17-52-31.png\"\r\nContent-Type: image/png\r\n">}, "commit"=>"Ajouter"}
  [1m[36mUser Load (0.2ms)[0m  [1m[34mSELECT "users".* FROM "users" WHERE "users"."id" = ? ORDER BY "users"."id" ASC LIMIT ?[0m  [["id", 1], ["LIMIT", 1]]
[31mUnpermitted parameters: :description, :photo[0m
  [1m[35m (0.0ms)[0m  [1m[36mbegin transaction[0m
  ↳ app/controllers/posts_controller.rb:12:in `create'
  [1m[35m (0.0ms)[0m  [1m[31mrollback transaction[0m
  ↳ app/controllers/posts_controller.rb:12:in `create'
  Rendering posts/new.html.erb within layouts/application
  Rendered posts/new.html.erb within layouts/application (Duration: 0.9ms | Allocations: 620)
[Webpacker] Everything's up-to-date. Nothing to do
Completed 200 OK in 31ms (Views: 7.2ms | ActiveRecord: 1.3ms | Allocations: 24082)


Started GET "/posts/new" for ::1 at 2020-10-14 09:23:01 -0400
Processing by PostsController#new as HTML
  [1m[36mUser Load (0.1ms)[0m  [1m[34mSELECT "users".* FROM "users" WHERE "users"."id" = ? ORDER BY "users"."id" ASC LIMIT ?[0m  [["id", 1], ["LIMIT", 1]]
  Rendering posts/new.html.erb within layouts/application
  Rendered posts/new.html.erb within layouts/application (Duration: 1.1ms | Allocations: 616)
[Webpacker] Everything's up-to-date. Nothing to do
Completed 200 OK in 12ms (Views: 8.6ms | ActiveRecord: 0.1ms | Allocations: 6043)


Started POST "/posts" for ::1 at 2020-10-14 09:23:08 -0400
Processing by PostsController#create as JS
  Parameters: {"authenticity_token"=>"yD+/L1u+mmKagVoiL9KCn6aXiz8Sp80PE1N1yqmiT80CWocjRG9G87aDSmiubLMGcIKkueToDr7ed+Rr6/wxjg==", "post"=>{"description"=>"descrption de l'image", "photo"=>#<ActionDispatch::Http::UploadedFile:0x00007fcf1fea2f68 @tempfile=#<Tempfile:/var/folders/zv/4sp7fj255sl0j7yn0hrvp_w80000gn/T/RackMultipart20201014-30835-r7zxtd.png>, @original_filename="2020-02-06 FY21 Kickoff - Google Slides 2020-02-06 17-52-31.png", @content_type="image/png", @headers="Content-Disposition: form-data; name=\"post[photo]\"; filename=\"2020-02-06 FY21 Kickoff - Google Slides 2020-02-06 17-52-31.png\"\r\nContent-Type: image/png\r\n">}, "commit"=>"Ajouter"}
  [1m[36mUser Load (0.1ms)[0m  [1m[34mSELECT "users".* FROM "users" WHERE "users"."id" = ? ORDER BY "users"."id" ASC LIMIT ?[0m  [["id", 1], ["LIMIT", 1]]
[31mUnpermitted parameters: :description, :photo[0m
  Rendering posts/new.html.erb within layouts/application
  Rendered posts/new.html.erb within layouts/application (Duration: 1.0ms | Allocations: 607)
[Webpacker] Everything's up-to-date. Nothing to do
Completed 200 OK in 10ms (Views: 6.7ms | ActiveRecord: 0.1ms | Allocations: 7448)


Started POST "/posts" for ::1 at 2020-10-14 09:23:09 -0400
Processing by PostsController#create as JS
  Parameters: {"authenticity_token"=>"yD+/L1u+mmKagVoiL9KCn6aXiz8Sp80PE1N1yqmiT80CWocjRG9G87aDSmiubLMGcIKkueToDr7ed+Rr6/wxjg==", "post"=>{"description"=>"descrption de l'image", "photo"=>#<ActionDispatch::Http::UploadedFile:0x00007fcf1eb0f370 @tempfile=#<Tempfile:/var/folders/zv/4sp7fj255sl0j7yn0hrvp_w80000gn/T/RackMultipart20201014-30835-13d7jes.png>, @original_filename="2020-02-06 FY21 Kickoff - Google Slides 2020-02-06 17-52-31.png", @content_type="image/png", @headers="Content-Disposition: form-data; name=\"post[photo]\"; filename=\"2020-02-06 FY21 Kickoff - Google Slides 2020-02-06 17-52-31.png\"\r\nContent-Type: image/png\r\n">}, "commit"=>"Ajouter"}
  [1m[36mUser Load (0.1ms)[0m  [1m[34mSELECT "users".* FROM "users" WHERE "users"."id" = ? ORDER BY "users"."id" ASC LIMIT ?[0m  [["id", 1], ["LIMIT", 1]]
[31mUnpermitted parameters: :description, :photo[0m
  Rendering posts/new.html.erb within layouts/application
  Rendered posts/new.html.erb within layouts/application (Duration: 1.7ms | Allocations: 607)
[Webpacker] Everything's up-to-date. Nothing to do
Completed 200 OK in 11ms (Views: 7.0ms | ActiveRecord: 0.1ms | Allocations: 7440)


Started POST "/posts" for ::1 at 2020-10-14 09:23:29 -0400
  [1m[35m (0.1ms)[0m  [1m[34mSELECT sqlite_version(*)[0m
Processing by PostsController#create as JS
  Parameters: {"authenticity_token"=>"yD+/L1u+mmKagVoiL9KCn6aXiz8Sp80PE1N1yqmiT80CWocjRG9G87aDSmiubLMGcIKkueToDr7ed+Rr6/wxjg==", "post"=>{"description"=>"descrption de l'image", "photo"=>#<ActionDispatch::Http::UploadedFile:0x00007fcf1ea40e08 @tempfile=#<Tempfile:/var/folders/zv/4sp7fj255sl0j7yn0hrvp_w80000gn/T/RackMultipart20201014-30835-31n7xf.png>, @original_filename="2020-02-06 FY21 Kickoff - Google Slides 2020-02-06 17-52-31.png", @content_type="image/png", @headers="Content-Disposition: form-data; name=\"post[photo]\"; filename=\"2020-02-06 FY21 Kickoff - Google Slides 2020-02-06 17-52-31.png\"\r\nContent-Type: image/png\r\n">}, "commit"=>"Ajouter"}
  [1m[36mUser Load (0.1ms)[0m  [1m[34mSELECT "users".* FROM "users" WHERE "users"."id" = ? ORDER BY "users"."id" ASC LIMIT ?[0m  [["id", 1], ["LIMIT", 1]]
[31mUnpermitted parameter: :photo[0m
  [1m[35m (0.1ms)[0m  [1m[36mbegin transaction[0m
  ↳ app/controllers/posts_controller.rb:12:in `create'
  [1m[35m (0.1ms)[0m  [1m[31mrollback transaction[0m
  ↳ app/controllers/posts_controller.rb:12:in `create'
  Rendering posts/new.html.erb within layouts/application
  Rendered posts/new.html.erb within layouts/application (Duration: 0.9ms | Allocations: 627)
[Webpacker] Everything's up-to-date. Nothing to do
Completed 200 OK in 29ms (Views: 5.8ms | ActiveRecord: 1.2ms | Allocations: 23590)


Started POST "/posts" for ::1 at 2020-10-14 09:23:40 -0400
  [1m[35m (0.1ms)[0m  [1m[34mSELECT sqlite_version(*)[0m
Processing by PostsController#create as JS
  Parameters: {"authenticity_token"=>"yD+/L1u+mmKagVoiL9KCn6aXiz8Sp80PE1N1yqmiT80CWocjRG9G87aDSmiubLMGcIKkueToDr7ed+Rr6/wxjg==", "post"=>{"description"=>"descrption de l'image", "photo"=>#<ActionDispatch::Http::UploadedFile:0x00007fcf201b3798 @tempfile=#<Tempfile:/var/folders/zv/4sp7fj255sl0j7yn0hrvp_w80000gn/T/RackMultipart20201014-30835-1w78wq5.png>, @original_filename="2020-02-06 FY21 Kickoff - Google Slides 2020-02-06 17-52-31.png", @content_type="image/png", @headers="Content-Disposition: form-data; name=\"post[photo]\"; filename=\"2020-02-06 FY21 Kickoff - Google Slides 2020-02-06 17-52-31.png\"\r\nContent-Type: image/png\r\n">}, "commit"=>"Ajouter"}
  [1m[36mUser Load (0.1ms)[0m  [1m[34mSELECT "users".* FROM "users" WHERE "users"."id" = ? ORDER BY "users"."id" ASC LIMIT ?[0m  [["id", 1], ["LIMIT", 1]]
  [1m[35m (0.6ms)[0m  [1m[36mbegin transaction[0m
  ↳ app/controllers/posts_controller.rb:12:in `create'
  [1m[35m (0.0ms)[0m  [1m[31mrollback transaction[0m
  ↳ app/controllers/posts_controller.rb:12:in `create'
Completed 500 Internal Server Error in 41ms (ActiveRecord: 2.3ms | Allocations: 21313)


  
ActiveRecord::StatementInvalid (Could not find table 'active_storage_blobs'):
  
app/controllers/posts_controller.rb:12:in `create'
Started POST "/posts" for ::1 at 2020-10-14 09:23:56 -0400
  [1m[35m (0.1ms)[0m  [1m[34mSELECT sqlite_version(*)[0m
Processing by PostsController#create as JS
  Parameters: {"authenticity_token"=>"yD+/L1u+mmKagVoiL9KCn6aXiz8Sp80PE1N1yqmiT80CWocjRG9G87aDSmiubLMGcIKkueToDr7ed+Rr6/wxjg==", "post"=>{"description"=>"descrption de l'image", "photo"=>#<ActionDispatch::Http::UploadedFile:0x00007fcf1e68eeb8 @tempfile=#<Tempfile:/var/folders/zv/4sp7fj255sl0j7yn0hrvp_w80000gn/T/RackMultipart20201014-30835-1cvfcmu.png>, @original_filename="2020-02-06 FY21 Kickoff - Google Slides 2020-02-06 17-52-31.png", @content_type="image/png", @headers="Content-Disposition: form-data; name=\"post[photo]\"; filename=\"2020-02-06 FY21 Kickoff - Google Slides 2020-02-06 17-52-31.png\"\r\nContent-Type: image/png\r\n">}, "commit"=>"Ajouter"}
  [1m[36mUser Load (0.1ms)[0m  [1m[34mSELECT "users".* FROM "users" WHERE "users"."id" = ? ORDER BY "users"."id" ASC LIMIT ?[0m  [["id", 1], ["LIMIT", 1]]
  [1m[35m (0.1ms)[0m  [1m[36mbegin transaction[0m
  ↳ app/controllers/posts_controller.rb:12:in `create'
  [1m[35m (0.0ms)[0m  [1m[31mrollback transaction[0m
  ↳ app/controllers/posts_controller.rb:12:in `create'
Completed 500 Internal Server Error in 26ms (ActiveRecord: 1.2ms | Allocations: 21338)


  
ActiveRecord::StatementInvalid (Could not find table 'active_storage_blobs'):
  
app/controllers/posts_controller.rb:12:in `create'
Started GET "/posts/new" for ::1 at 2020-10-14 09:24:09 -0400
Processing by PostsController#new as HTML
  [1m[36mUser Load (0.2ms)[0m  [1m[34mSELECT "users".* FROM "users" WHERE "users"."id" = ? ORDER BY "users"."id" ASC LIMIT ?[0m  [["id", 1], ["LIMIT", 1]]
  Rendering posts/new.html.erb within layouts/application
  Rendered posts/new.html.erb within layouts/application (Duration: 2.0ms | Allocations: 626)
[Webpacker] Everything's up-to-date. Nothing to do
Completed 200 OK in 15ms (Views: 10.8ms | ActiveRecord: 0.2ms | Allocations: 6201)


Started POST "/posts" for ::1 at 2020-10-14 09:24:14 -0400
Processing by PostsController#create as JS
  Parameters: {"authenticity_token"=>"lE+kL3uEAsxlc0hP9B/ERbQ3E92lF7Q8tiVS2IR3vppeKpwjZFXeXUlxWAV1ofXcYiI8W1NYd417AcN5xinA2Q==", "post"=>{"description"=>"descrption de l'image", "photo"=>#<ActionDispatch::Http::UploadedFile:0x00007fcf1ea21710 @tempfile=#<Tempfile:/var/folders/zv/4sp7fj255sl0j7yn0hrvp_w80000gn/T/RackMultipart20201014-30835-jnaak6.png>, @original_filename="2020-02-06 FY21 Kickoff - Google Slides 2020-02-06 17-52-31.png", @content_type="image/png", @headers="Content-Disposition: form-data; name=\"post[photo]\"; filename=\"2020-02-06 FY21 Kickoff - Google Slides 2020-02-06 17-52-31.png\"\r\nContent-Type: image/png\r\n">}, "commit"=>"Ajouter"}
  [1m[36mUser Load (0.1ms)[0m  [1m[34mSELECT "users".* FROM "users" WHERE "users"."id" = ? ORDER BY "users"."id" ASC LIMIT ?[0m  [["id", 1], ["LIMIT", 1]]
  [1m[35m (0.1ms)[0m  [1m[36mbegin transaction[0m
  ↳ app/controllers/posts_controller.rb:12:in `create'
  [1m[35m (0.0ms)[0m  [1m[31mrollback transaction[0m
  ↳ app/controllers/posts_controller.rb:12:in `create'
Completed 500 Internal Server Error in 6ms (ActiveRecord: 0.3ms | Allocations: 4521)


  
ActiveRecord::StatementInvalid (Could not find table 'active_storage_blobs'):
  
app/controllers/posts_controller.rb:12:in `create'
Started POST "/posts" for ::1 at 2020-10-14 09:26:27 -0400
Processing by PostsController#create as JS
  Parameters: {"authenticity_token"=>"lE+kL3uEAsxlc0hP9B/ERbQ3E92lF7Q8tiVS2IR3vppeKpwjZFXeXUlxWAV1ofXcYiI8W1NYd417AcN5xinA2Q==", "post"=>{"description"=>"descrption de l'image", "photo"=>#<ActionDispatch::Http::UploadedFile:0x00007fcf1fa9dd00 @tempfile=#<Tempfile:/var/folders/zv/4sp7fj255sl0j7yn0hrvp_w80000gn/T/RackMultipart20201014-30835-1re3w6c.png>, @original_filename="2020-02-06 FY21 Kickoff - Google Slides 2020-02-06 17-52-31.png", @content_type="image/png", @headers="Content-Disposition: form-data; name=\"post[photo]\"; filename=\"2020-02-06 FY21 Kickoff - Google Slides 2020-02-06 17-52-31.png\"\r\nContent-Type: image/png\r\n">}, "commit"=>"Ajouter"}
  [1m[36mUser Load (0.9ms)[0m  [1m[34mSELECT "users".* FROM "users" WHERE "users"."id" = ? ORDER BY "users"."id" ASC LIMIT ?[0m  [["id", 1], ["LIMIT", 1]]
  [1m[35m (0.0ms)[0m  [1m[36mbegin transaction[0m
  ↳ app/controllers/posts_controller.rb:12:in `create'
  [1m[35m (0.0ms)[0m  [1m[31mrollback transaction[0m
  ↳ app/controllers/posts_controller.rb:12:in `create'
Completed 500 Internal Server Error in 7ms (ActiveRecord: 1.0ms | Allocations: 4521)


  
ActiveRecord::StatementInvalid (Could not find table 'active_storage_blobs'):
  
app/controllers/posts_controller.rb:12:in `create'
Started GET "/posts/new" for ::1 at 2020-10-14 09:26:29 -0400
Processing by PostsController#new as HTML
  [1m[36mUser Load (0.2ms)[0m  [1m[34mSELECT "users".* FROM "users" WHERE "users"."id" = ? ORDER BY "users"."id" ASC LIMIT ?[0m  [["id", 1], ["LIMIT", 1]]
  Rendering posts/new.html.erb within layouts/application
  Rendered posts/new.html.erb within layouts/application (Duration: 2.0ms | Allocations: 826)
[Webpacker] Everything's up-to-date. Nothing to do
Completed 200 OK in 15ms (Views: 10.7ms | ActiveRecord: 0.2ms | Allocations: 7169)


Started POST "/posts" for ::1 at 2020-10-14 09:26:33 -0400
Processing by PostsController#create as JS
  Parameters: {"authenticity_token"=>"d1ZDgEjAgtDn+XXl0yc+MwG/L2Da+aHpSrZp6I/s4VS9M3uMVxFeQcv7Za9SmQ+q16oA5iy2YliHkvhJzbKfFw==", "post"=>{"description"=>"descrption de l'image", "photo"=>#<ActionDispatch::Http::UploadedFile:0x00007fcf219b8d20 @tempfile=#<Tempfile:/var/folders/zv/4sp7fj255sl0j7yn0hrvp_w80000gn/T/RackMultipart20201014-30835-xt574t.png>, @original_filename="2020-02-06 FY21 Kickoff - Google Slides 2020-02-06 17-52-31.png", @content_type="image/png", @headers="Content-Disposition: form-data; name=\"post[photo]\"; filename=\"2020-02-06 FY21 Kickoff - Google Slides 2020-02-06 17-52-31.png\"\r\nContent-Type: image/png\r\n">}, "commit"=>"Ajouter"}
  [1m[36mUser Load (0.1ms)[0m  [1m[34mSELECT "users".* FROM "users" WHERE "users"."id" = ? ORDER BY "users"."id" ASC LIMIT ?[0m  [["id", 1], ["LIMIT", 1]]
  [1m[35m (0.0ms)[0m  [1m[36mbegin transaction[0m
  ↳ app/controllers/posts_controller.rb:12:in `create'
  [1m[35m (0.0ms)[0m  [1m[31mrollback transaction[0m
  ↳ app/controllers/posts_controller.rb:12:in `create'
Completed 500 Internal Server Error in 6ms (ActiveRecord: 0.3ms | Allocations: 4507)


  
ActiveRecord::StatementInvalid (Could not find table 'active_storage_blobs'):
  
app/controllers/posts_controller.rb:12:in `create'
Started POST "/posts" for ::1 at 2020-10-14 09:26:36 -0400
Processing by PostsController#create as JS
  Parameters: {"authenticity_token"=>"d1ZDgEjAgtDn+XXl0yc+MwG/L2Da+aHpSrZp6I/s4VS9M3uMVxFeQcv7Za9SmQ+q16oA5iy2YliHkvhJzbKfFw==", "post"=>{"description"=>"descrption de l'image", "photo"=>#<ActionDispatch::Http::UploadedFile:0x00007fcf1fcdd430 @tempfile=#<Tempfile:/var/folders/zv/4sp7fj255sl0j7yn0hrvp_w80000gn/T/RackMultipart20201014-30835-6qns0.png>, @original_filename="2020-02-06 FY21 Kickoff - Google Slides 2020-02-06 17-52-31.png", @content_type="image/png", @headers="Content-Disposition: form-data; name=\"post[photo]\"; filename=\"2020-02-06 FY21 Kickoff - Google Slides 2020-02-06 17-52-31.png\"\r\nContent-Type: image/png\r\n">}, "commit"=>"Ajouter"}
  [1m[36mUser Load (0.1ms)[0m  [1m[34mSELECT "users".* FROM "users" WHERE "users"."id" = ? ORDER BY "users"."id" ASC LIMIT ?[0m  [["id", 1], ["LIMIT", 1]]
  [1m[35m (0.0ms)[0m  [1m[36mbegin transaction[0m
  ↳ app/controllers/posts_controller.rb:12:in `create'
  [1m[35m (0.0ms)[0m  [1m[31mrollback transaction[0m
  ↳ app/controllers/posts_controller.rb:12:in `create'
Completed 500 Internal Server Error in 5ms (ActiveRecord: 0.3ms | Allocations: 4507)


  
ActiveRecord::StatementInvalid (Could not find table 'active_storage_blobs'):
  
app/controllers/posts_controller.rb:12:in `create'
Started POST "/posts" for ::1 at 2020-10-14 09:27:42 -0400
  [1m[35m (0.1ms)[0m  [1m[34mSELECT sqlite_version(*)[0m
Processing by PostsController#create as JS
  Parameters: {"authenticity_token"=>"d1ZDgEjAgtDn+XXl0yc+MwG/L2Da+aHpSrZp6I/s4VS9M3uMVxFeQcv7Za9SmQ+q16oA5iy2YliHkvhJzbKfFw==", "post"=>{"description"=>"descrption de l'image", "photo"=>#<ActionDispatch::Http::UploadedFile:0x00007fcf218ecab8 @tempfile=#<Tempfile:/var/folders/zv/4sp7fj255sl0j7yn0hrvp_w80000gn/T/RackMultipart20201014-30835-mxeivt.png>, @original_filename="2020-02-06 FY21 Kickoff - Google Slides 2020-02-06 17-52-31.png", @content_type="image/png", @headers="Content-Disposition: form-data; name=\"post[photo]\"; filename=\"2020-02-06 FY21 Kickoff - Google Slides 2020-02-06 17-52-31.png\"\r\nContent-Type: image/png\r\n">}, "commit"=>"Ajouter"}
  [1m[36mUser Load (0.1ms)[0m  [1m[34mSELECT "users".* FROM "users" WHERE "users"."id" = ? ORDER BY "users"."id" ASC LIMIT ?[0m  [["id", 1], ["LIMIT", 1]]
  [1m[35m (0.1ms)[0m  [1m[36mbegin transaction[0m
  ↳ app/controllers/posts_controller.rb:12:in `create'
  [1m[35m (0.0ms)[0m  [1m[31mrollback transaction[0m
  ↳ app/controllers/posts_controller.rb:12:in `create'
Completed 500 Internal Server Error in 26ms (ActiveRecord: 1.1ms | Allocations: 21319)


  
ActiveRecord::StatementInvalid (Could not find table 'active_storage_blobs'):
  
app/controllers/posts_controller.rb:12:in `create'
Started GET "/posts/new" for ::1 at 2020-10-14 09:27:44 -0400
Processing by PostsController#new as HTML
  [1m[36mUser Load (0.3ms)[0m  [1m[34mSELECT "users".* FROM "users" WHERE "users"."id" = ? ORDER BY "users"."id" ASC LIMIT ?[0m  [["id", 1], ["LIMIT", 1]]
  Rendering posts/new.html.erb within layouts/application
  Rendered posts/new.html.erb within layouts/application (Duration: 1.6ms | Allocations: 626)
[Webpacker] Everything's up-to-date. Nothing to do
Completed 200 OK in 13ms (Views: 9.3ms | ActiveRecord: 0.3ms | Allocations: 6189)


Started GET "/posts/new" for ::1 at 2020-10-14 09:27:46 -0400
Processing by PostsController#new as HTML
  [1m[36mUser Load (0.2ms)[0m  [1m[34mSELECT "users".* FROM "users" WHERE "users"."id" = ? ORDER BY "users"."id" ASC LIMIT ?[0m  [["id", 1], ["LIMIT", 1]]
  Rendering posts/new.html.erb within layouts/application
  Rendered posts/new.html.erb within layouts/application (Duration: 1.2ms | Allocations: 616)
[Webpacker] Everything's up-to-date. Nothing to do
Completed 200 OK in 13ms (Views: 10.0ms | ActiveRecord: 0.2ms | Allocations: 6048)


Started POST "/posts" for ::1 at 2020-10-14 09:27:50 -0400
Processing by PostsController#create as JS
  Parameters: {"authenticity_token"=>"vHq8cVBKmzi5fobC6z3L+gUhsVPkhswUcf824AcaWBt2H4R9T5tHqZV8lohqg/pj0zSe1RLJD6W826dBRUQmWA==", "post"=>{"description"=>"descrption de l'image", "photo"=>#<ActionDispatch::Http::UploadedFile:0x00007fcf20151f98 @tempfile=#<Tempfile:/var/folders/zv/4sp7fj255sl0j7yn0hrvp_w80000gn/T/RackMultipart20201014-30835-nydah3.png>, @original_filename="2020-02-06 FY21 Kickoff - Google Slides 2020-02-06 17-52-31.png", @content_type="image/png", @headers="Content-Disposition: form-data; name=\"post[photo]\"; filename=\"2020-02-06 FY21 Kickoff - Google Slides 2020-02-06 17-52-31.png\"\r\nContent-Type: image/png\r\n">}, "commit"=>"Ajouter"}
  [1m[36mUser Load (0.1ms)[0m  [1m[34mSELECT "users".* FROM "users" WHERE "users"."id" = ? ORDER BY "users"."id" ASC LIMIT ?[0m  [["id", 1], ["LIMIT", 1]]
  [1m[35m (0.1ms)[0m  [1m[36mbegin transaction[0m
  ↳ app/controllers/posts_controller.rb:12:in `create'
  [1m[35m (0.0ms)[0m  [1m[31mrollback transaction[0m
  ↳ app/controllers/posts_controller.rb:12:in `create'
Completed 500 Internal Server Error in 6ms (ActiveRecord: 0.3ms | Allocations: 4517)


  
ActiveRecord::StatementInvalid (Could not find table 'active_storage_blobs'):
  
app/controllers/posts_controller.rb:12:in `create'
